Determining if the pthread_create exist failed with the following output:
Change Dir: /home/cedricxie/Documents/RGBD/rgbd_slam/bin/CMakeFiles/CMakeTmp

Run Build Command:"/usr/bin/make" "cmTC_7013c/fast"
/usr/bin/make -f CMakeFiles/cmTC_7013c.dir/build.make CMakeFiles/cmTC_7013c.dir/build
make[1]: Entering directory '/home/cedricxie/Documents/RGBD/rgbd_slam/bin/CMakeFiles/CMakeTmp'
Building C object CMakeFiles/cmTC_7013c.dir/CheckSymbolExists.c.o
/usr/bin/cc    -fPIC    -o CMakeFiles/cmTC_7013c.dir/CheckSymbolExists.c.o   -c /home/cedricxie/Documents/RGBD/rgbd_slam/bin/CMakeFiles/CMakeTmp/CheckSymbolExists.c
Linking C executable cmTC_7013c
/usr/bin/cmake -E cmake_link_script CMakeFiles/cmTC_7013c.dir/link.txt --verbose=1
/usr/bin/cc  -fPIC     CMakeFiles/cmTC_7013c.dir/CheckSymbolExists.c.o  -o cmTC_7013c -rdynamic 
CMakeFiles/cmTC_7013c.dir/CheckSymbolExists.c.o: In function `main':
CheckSymbolExists.c:(.text+0x1b): undefined reference to `pthread_create'
collect2: error: ld returned 1 exit status
CMakeFiles/cmTC_7013c.dir/build.make:97: recipe for target 'cmTC_7013c' failed
make[1]: *** [cmTC_7013c] Error 1
make[1]: Leaving directory '/home/cedricxie/Documents/RGBD/rgbd_slam/bin/CMakeFiles/CMakeTmp'
Makefile:126: recipe for target 'cmTC_7013c/fast' failed
make: *** [cmTC_7013c/fast] Error 2

File /home/cedricxie/Documents/RGBD/rgbd_slam/bin/CMakeFiles/CMakeTmp/CheckSymbolExists.c:
/* */
#include <pthread.h>

int main(int argc, char** argv)
{
  (void)argv;
#ifndef pthread_create
  return ((int*)(&pthread_create))[argc];
#else
  (void)argc;
  return 0;
#endif
}

Determining if the function pthread_create exists in the pthreads failed with the following output:
Change Dir: /home/cedricxie/Documents/RGBD/rgbd_slam/bin/CMakeFiles/CMakeTmp

Run Build Command:"/usr/bin/make" "cmTC_55f3e/fast"
/usr/bin/make -f CMakeFiles/cmTC_55f3e.dir/build.make CMakeFiles/cmTC_55f3e.dir/build
make[1]: Entering directory '/home/cedricxie/Documents/RGBD/rgbd_slam/bin/CMakeFiles/CMakeTmp'
Building C object CMakeFiles/cmTC_55f3e.dir/CheckFunctionExists.c.o
/usr/bin/cc    -fPIC -DCHECK_FUNCTION_EXISTS=pthread_create   -o CMakeFiles/cmTC_55f3e.dir/CheckFunctionExists.c.o   -c /usr/share/cmake-3.5/Modules/CheckFunctionExists.c
Linking C executable cmTC_55f3e
/usr/bin/cmake -E cmake_link_script CMakeFiles/cmTC_55f3e.dir/link.txt --verbose=1
/usr/bin/cc  -fPIC -DCHECK_FUNCTION_EXISTS=pthread_create    CMakeFiles/cmTC_55f3e.dir/CheckFunctionExists.c.o  -o cmTC_55f3e -rdynamic -lpthreads 
/usr/bin/ld: cannot find -lpthreads
collect2: error: ld returned 1 exit status
CMakeFiles/cmTC_55f3e.dir/build.make:97: recipe for target 'cmTC_55f3e' failed
make[1]: *** [cmTC_55f3e] Error 1
make[1]: Leaving directory '/home/cedricxie/Documents/RGBD/rgbd_slam/bin/CMakeFiles/CMakeTmp'
Makefile:126: recipe for target 'cmTC_55f3e/fast' failed
make: *** [cmTC_55f3e/fast] Error 2


